[INFO] Scanning for projects...
[WARNING] 
[WARNING] Some problems were encountered while building the effective model for php.crm.Vtiger.Project1:php.crm.Vtiger.Project1:jar:0.0.1-SNAPSHOT
[WARNING] 'build.plugins.plugin.version' for org.apache.maven.plugins:maven-surefire-plugin is missing. @ line 9, column 11
[WARNING] 
[WARNING] It is highly recommended to fix these problems because they threaten the stability of your build.
[WARNING] 
[WARNING] For this reason, future Maven versions might no longer support building such malformed projects.
[WARNING] 
[INFO] 
[INFO] ----------< php.crm.Vtiger.Project1:php.crm.Vtiger.Project1 >-----------
[INFO] Building php.crm.Vtiger.Project1 0.0.1-SNAPSHOT
[INFO] --------------------------------[ jar ]---------------------------------
[INFO] 
[INFO] --- maven-clean-plugin:2.5:clean (default-clean) @ php.crm.Vtiger.Project1 ---
[INFO] Deleting C:\Users\shaurya\git\repository_vTiger_Project\php.crm.Vtiger.Project1\target
[INFO] 
[INFO] --- maven-resources-plugin:2.6:resources (default-resources) @ php.crm.Vtiger.Project1 ---
[WARNING] Using platform encoding (Cp1252 actually) to copy filtered resources, i.e. build is platform dependent!
[INFO] Copying 0 resource
[INFO] 
[INFO] --- maven-compiler-plugin:3.1:compile (default-compile) @ php.crm.Vtiger.Project1 ---
[INFO] Changes detected - recompiling the module!
[WARNING] File encoding has not been set, using platform encoding Cp1252, i.e. build is platform dependent!
[INFO] Compiling 12 source files to C:\Users\shaurya\git\repository_vTiger_Project\php.crm.Vtiger.Project1\target\classes
[INFO] -------------------------------------------------------------
[ERROR] COMPILATION ERROR : 
[INFO] -------------------------------------------------------------
[ERROR] /C:/Users/shaurya/git/repository_vTiger_Project/php.crm.Vtiger.Project1/src/main/java/php/crm/Vtiger/Project1/genericUtility/IRetryAnalyserImplementationClass.java:[3,18] package org.testng does not exist
[ERROR] /C:/Users/shaurya/git/repository_vTiger_Project/php.crm.Vtiger.Project1/src/main/java/php/crm/Vtiger/Project1/genericUtility/IRetryAnalyserImplementationClass.java:[4,18] package org.testng does not exist
[ERROR] /C:/Users/shaurya/git/repository_vTiger_Project/php.crm.Vtiger.Project1/src/main/java/php/crm/Vtiger/Project1/genericUtility/IRetryAnalyserImplementationClass.java:[6,59] cannot find symbol
  symbol: class IRetryAnalyzer
[ERROR] /C:/Users/shaurya/git/repository_vTiger_Project/php.crm.Vtiger.Project1/src/main/java/php/crm/Vtiger/Project1/genericUtility/IRetryAnalyserImplementationClass.java:[10,31] cannot find symbol
  symbol:   class ITestResult
  location: class php.crm.Vtiger.Project1.genericUtility.IRetryAnalyserImplementationClass
[ERROR] /C:/Users/shaurya/git/repository_vTiger_Project/php.crm.Vtiger.Project1/src/main/java/php/crm/Vtiger/Project1/genericUtility/BaseClass.java:[8,30] package org.testng.annotations does not exist
[ERROR] /C:/Users/shaurya/git/repository_vTiger_Project/php.crm.Vtiger.Project1/src/main/java/php/crm/Vtiger/Project1/genericUtility/BaseClass.java:[9,30] package org.testng.annotations does not exist
[ERROR] /C:/Users/shaurya/git/repository_vTiger_Project/php.crm.Vtiger.Project1/src/main/java/php/crm/Vtiger/Project1/genericUtility/BaseClass.java:[10,30] package org.testng.annotations does not exist
[ERROR] /C:/Users/shaurya/git/repository_vTiger_Project/php.crm.Vtiger.Project1/src/main/java/php/crm/Vtiger/Project1/genericUtility/BaseClass.java:[11,30] package org.testng.annotations does not exist
[ERROR] /C:/Users/shaurya/git/repository_vTiger_Project/php.crm.Vtiger.Project1/src/main/java/php/crm/Vtiger/Project1/genericUtility/BaseClass.java:[12,30] package org.testng.annotations does not exist
[ERROR] /C:/Users/shaurya/git/repository_vTiger_Project/php.crm.Vtiger.Project1/src/main/java/php/crm/Vtiger/Project1/genericUtility/BaseClass.java:[13,30] package org.testng.annotations does not exist
[ERROR] /C:/Users/shaurya/git/repository_vTiger_Project/php.crm.Vtiger.Project1/src/main/java/php/crm/Vtiger/Project1/genericUtility/ListenersImplementationClass.java:[8,18] package org.testng does not exist
[ERROR] /C:/Users/shaurya/git/repository_vTiger_Project/php.crm.Vtiger.Project1/src/main/java/php/crm/Vtiger/Project1/genericUtility/ListenersImplementationClass.java:[9,18] package org.testng does not exist
[ERROR] /C:/Users/shaurya/git/repository_vTiger_Project/php.crm.Vtiger.Project1/src/main/java/php/crm/Vtiger/Project1/genericUtility/ListenersImplementationClass.java:[13,54] cannot find symbol
  symbol: class ITestListener
[ERROR] /C:/Users/shaurya/git/repository_vTiger_Project/php.crm.Vtiger.Project1/src/main/java/php/crm/Vtiger/Project1/genericUtility/ListenersImplementationClass.java:[14,35] cannot find symbol
  symbol:   class ITestResult
  location: class php.crm.Vtiger.Project1.genericUtility.ListenersImplementationClass
[ERROR] /C:/Users/shaurya/git/repository_vTiger_Project/php.crm.Vtiger.Project1/src/main/java/php/crm/Vtiger/Project1/genericUtility/BaseClass.java:[25,10] cannot find symbol
  symbol:   class BeforeSuite
  location: class php.crm.Vtiger.Project1.genericUtility.BaseClass
[ERROR] /C:/Users/shaurya/git/repository_vTiger_Project/php.crm.Vtiger.Project1/src/main/java/php/crm/Vtiger/Project1/genericUtility/BaseClass.java:[30,10] cannot find symbol
  symbol:   class BeforeClass
  location: class php.crm.Vtiger.Project1.genericUtility.BaseClass
[ERROR] /C:/Users/shaurya/git/repository_vTiger_Project/php.crm.Vtiger.Project1/src/main/java/php/crm/Vtiger/Project1/genericUtility/BaseClass.java:[44,10] cannot find symbol
  symbol:   class BeforeMethod
  location: class php.crm.Vtiger.Project1.genericUtility.BaseClass
[ERROR] /C:/Users/shaurya/git/repository_vTiger_Project/php.crm.Vtiger.Project1/src/main/java/php/crm/Vtiger/Project1/genericUtility/BaseClass.java:[55,10] cannot find symbol
  symbol:   class AfterMethod
  location: class php.crm.Vtiger.Project1.genericUtility.BaseClass
[ERROR] /C:/Users/shaurya/git/repository_vTiger_Project/php.crm.Vtiger.Project1/src/main/java/php/crm/Vtiger/Project1/genericUtility/BaseClass.java:[61,10] cannot find symbol
  symbol:   class AfterClass
  location: class php.crm.Vtiger.Project1.genericUtility.BaseClass
[ERROR] /C:/Users/shaurya/git/repository_vTiger_Project/php.crm.Vtiger.Project1/src/main/java/php/crm/Vtiger/Project1/genericUtility/BaseClass.java:[67,10] cannot find symbol
  symbol:   class AfterSuite
  location: class php.crm.Vtiger.Project1.genericUtility.BaseClass
[INFO] 20 errors 
[INFO] -------------------------------------------------------------
[INFO] ------------------------------------------------------------------------
[INFO] BUILD FAILURE
[INFO] ------------------------------------------------------------------------
[INFO] Total time:  3.972 s
[INFO] Finished at: 2022-10-20T13:14:06+05:30
[INFO] ------------------------------------------------------------------------
[ERROR] Failed to execute goal org.apache.maven.plugins:maven-compiler-plugin:3.1:compile (default-compile) on project php.crm.Vtiger.Project1: Compilation failure: Compilation failure: 
[ERROR] /C:/Users/shaurya/git/repository_vTiger_Project/php.crm.Vtiger.Project1/src/main/java/php/crm/Vtiger/Project1/genericUtility/IRetryAnalyserImplementationClass.java:[3,18] package org.testng does not exist
[ERROR] /C:/Users/shaurya/git/repository_vTiger_Project/php.crm.Vtiger.Project1/src/main/java/php/crm/Vtiger/Project1/genericUtility/IRetryAnalyserImplementationClass.java:[4,18] package org.testng does not exist
[ERROR] /C:/Users/shaurya/git/repository_vTiger_Project/php.crm.Vtiger.Project1/src/main/java/php/crm/Vtiger/Project1/genericUtility/IRetryAnalyserImplementationClass.java:[6,59] cannot find symbol
[ERROR]   symbol: class IRetryAnalyzer
[ERROR] /C:/Users/shaurya/git/repository_vTiger_Project/php.crm.Vtiger.Project1/src/main/java/php/crm/Vtiger/Project1/genericUtility/IRetryAnalyserImplementationClass.java:[10,31] cannot find symbol
[ERROR]   symbol:   class ITestResult
[ERROR]   location: class php.crm.Vtiger.Project1.genericUtility.IRetryAnalyserImplementationClass
[ERROR] /C:/Users/shaurya/git/repository_vTiger_Project/php.crm.Vtiger.Project1/src/main/java/php/crm/Vtiger/Project1/genericUtility/BaseClass.java:[8,30] package org.testng.annotations does not exist
[ERROR] /C:/Users/shaurya/git/repository_vTiger_Project/php.crm.Vtiger.Project1/src/main/java/php/crm/Vtiger/Project1/genericUtility/BaseClass.java:[9,30] package org.testng.annotations does not exist
[ERROR] /C:/Users/shaurya/git/repository_vTiger_Project/php.crm.Vtiger.Project1/src/main/java/php/crm/Vtiger/Project1/genericUtility/BaseClass.java:[10,30] package org.testng.annotations does not exist
[ERROR] /C:/Users/shaurya/git/repository_vTiger_Project/php.crm.Vtiger.Project1/src/main/java/php/crm/Vtiger/Project1/genericUtility/BaseClass.java:[11,30] package org.testng.annotations does not exist
[ERROR] /C:/Users/shaurya/git/repository_vTiger_Project/php.crm.Vtiger.Project1/src/main/java/php/crm/Vtiger/Project1/genericUtility/BaseClass.java:[12,30] package org.testng.annotations does not exist
[ERROR] /C:/Users/shaurya/git/repository_vTiger_Project/php.crm.Vtiger.Project1/src/main/java/php/crm/Vtiger/Project1/genericUtility/BaseClass.java:[13,30] package org.testng.annotations does not exist
[ERROR] /C:/Users/shaurya/git/repository_vTiger_Project/php.crm.Vtiger.Project1/src/main/java/php/crm/Vtiger/Project1/genericUtility/ListenersImplementationClass.java:[8,18] package org.testng does not exist
[ERROR] /C:/Users/shaurya/git/repository_vTiger_Project/php.crm.Vtiger.Project1/src/main/java/php/crm/Vtiger/Project1/genericUtility/ListenersImplementationClass.java:[9,18] package org.testng does not exist
[ERROR] /C:/Users/shaurya/git/repository_vTiger_Project/php.crm.Vtiger.Project1/src/main/java/php/crm/Vtiger/Project1/genericUtility/ListenersImplementationClass.java:[13,54] cannot find symbol
[ERROR]   symbol: class ITestListener
[ERROR] /C:/Users/shaurya/git/repository_vTiger_Project/php.crm.Vtiger.Project1/src/main/java/php/crm/Vtiger/Project1/genericUtility/ListenersImplementationClass.java:[14,35] cannot find symbol
[ERROR]   symbol:   class ITestResult
[ERROR]   location: class php.crm.Vtiger.Project1.genericUtility.ListenersImplementationClass
[ERROR] /C:/Users/shaurya/git/repository_vTiger_Project/php.crm.Vtiger.Project1/src/main/java/php/crm/Vtiger/Project1/genericUtility/BaseClass.java:[25,10] cannot find symbol
[ERROR]   symbol:   class BeforeSuite
[ERROR]   location: class php.crm.Vtiger.Project1.genericUtility.BaseClass
[ERROR] /C:/Users/shaurya/git/repository_vTiger_Project/php.crm.Vtiger.Project1/src/main/java/php/crm/Vtiger/Project1/genericUtility/BaseClass.java:[30,10] cannot find symbol
[ERROR]   symbol:   class BeforeClass
[ERROR]   location: class php.crm.Vtiger.Project1.genericUtility.BaseClass
[ERROR] /C:/Users/shaurya/git/repository_vTiger_Project/php.crm.Vtiger.Project1/src/main/java/php/crm/Vtiger/Project1/genericUtility/BaseClass.java:[44,10] cannot find symbol
[ERROR]   symbol:   class BeforeMethod
[ERROR]   location: class php.crm.Vtiger.Project1.genericUtility.BaseClass
[ERROR] /C:/Users/shaurya/git/repository_vTiger_Project/php.crm.Vtiger.Project1/src/main/java/php/crm/Vtiger/Project1/genericUtility/BaseClass.java:[55,10] cannot find symbol
[ERROR]   symbol:   class AfterMethod
[ERROR]   location: class php.crm.Vtiger.Project1.genericUtility.BaseClass
[ERROR] /C:/Users/shaurya/git/repository_vTiger_Project/php.crm.Vtiger.Project1/src/main/java/php/crm/Vtiger/Project1/genericUtility/BaseClass.java:[61,10] cannot find symbol
[ERROR]   symbol:   class AfterClass
[ERROR]   location: class php.crm.Vtiger.Project1.genericUtility.BaseClass
[ERROR] /C:/Users/shaurya/git/repository_vTiger_Project/php.crm.Vtiger.Project1/src/main/java/php/crm/Vtiger/Project1/genericUtility/BaseClass.java:[67,10] cannot find symbol
[ERROR]   symbol:   class AfterSuite
[ERROR]   location: class php.crm.Vtiger.Project1.genericUtility.BaseClass
[ERROR] -> [Help 1]
[ERROR] 
[ERROR] To see the full stack trace of the errors, re-run Maven with the -e switch.
[ERROR] Re-run Maven using the -X switch to enable full debug logging.
[ERROR] 
[ERROR] For more information about the errors and possible solutions, please read the following articles:
[ERROR] [Help 1] http://cwiki.apache.org/confluence/display/MAVEN/MojoFailureException
